Using pre-set license
Built from '2020.3/staging' branch; Version is '2020.3.11f1 (99c7afb366b3) revision 10078127'; Using compiler version '192528614'; Build Type 'Release'
OS: 'Windows 10 Pro; OS build 19042.1165; Version 2009; 64bit' Language: 'en' Physical Memory: 12048 MB
BatchMode: 1, IsHumanControllingUs: 0, StartBugReporterOnCrash: 0, Is64bit: 1, IsPro: 0

 COMMAND LINE ARGUMENTS:
C:\Program Files\Unity\Hub\Editor\2020.3.11f1\Editor\Unity.exe
-adb2
-batchMode
-noUpm
-name
AssetImportWorker0
-projectPath
C:/Users/Aspire 5/Studio 3 Servers
-logFile
Logs/AssetImportWorker0.log
-srvPort
49257
Successfully changed project path to: C:/Users/Aspire 5/Studio 3 Servers
C:/Users/Aspire 5/Studio 3 Servers
Using Asset Import Pipeline V2.
Refreshing native plugins compatible for Editor in 60.31 ms, found 2 plugins.
Preloading 0 native plugins for Editor in 0.00 ms.
Initialize engine version: 2020.3.11f1 (99c7afb366b3)
[Subsystems] Discovering subsystems at path C:/Program Files/Unity/Hub/Editor/2020.3.11f1/Editor/Data/Resources/UnitySubsystems
[Subsystems] Discovering subsystems at path C:/Users/Aspire 5/Studio 3 Servers/Assets
GfxDevice: creating device client; threaded=0
Direct3D:
    Version:  Direct3D 11.0 [level 11.1]
    Renderer: NVIDIA GeForce MX350 (ID=0x1c94)
    Vendor:   
    VRAM:     1979 MB
    Driver:   27.21.14.5167
Initialize mono
Mono path[0] = 'C:/Program Files/Unity/Hub/Editor/2020.3.11f1/Editor/Data/Managed'
Mono path[1] = 'C:/Program Files/Unity/Hub/Editor/2020.3.11f1/Editor/Data/MonoBleedingEdge/lib/mono/unityjit'
Mono config path = 'C:/Program Files/Unity/Hub/Editor/2020.3.11f1/Editor/Data/MonoBleedingEdge/etc'
Using monoOptions --debugger-agent=transport=dt_socket,embedding=1,server=y,suspend=n,address=127.0.0.1:56524
Begin MonoManager ReloadAssembly
Registering precompiled unity dll's ...
Register platform support module: C:/Program Files/Unity/Hub/Editor/2020.3.11f1/Editor/Data/PlaybackEngines/WebGLSupport/UnityEditor.WebGL.Extensions.dll
Register platform support module: C:/Program Files/Unity/Hub/Editor/2020.3.11f1/Editor/Data/PlaybackEngines/WindowsStandaloneSupport/UnityEditor.WindowsStandalone.Extensions.dll
Registered in 0.004650 seconds.
Native extension for WindowsStandalone target not found
Native extension for WebGL target not found
Refreshing native plugins compatible for Editor in 52.17 ms, found 2 plugins.
Preloading 0 native plugins for Editor in 0.00 ms.
Mono: successfully reloaded assembly
- Completed reload, in  2.430 seconds
Platform modules already initialized, skipping
Registering precompiled user dll's ...
Registered in 0.004568 seconds.
Begin MonoManager ReloadAssembly
Native extension for WindowsStandalone target not found
Native extension for WebGL target not found
Refreshing native plugins compatible for Editor in 0.67 ms, found 2 plugins.
Preloading 0 native plugins for Editor in 0.00 ms.
Mono: successfully reloaded assembly
- Completed reload, in  1.243 seconds
Platform modules already initialized, skipping
========================================================================
Worker process is ready to serve import requests
Launched and connected shader compiler UnityShaderCompiler.exe after 0.07 seconds
Refreshing native plugins compatible for Editor in 0.28 ms, found 2 plugins.
Preloading 0 native plugins for Editor in 0.00 ms.
Unloading 1445 Unused Serialized files (Serialized files now loaded: 0)
System memory in use before: 68.3 MB.
System memory in use after: 68.4 MB.

Unloading 19 unused Assets to reduce memory usage. Loaded Objects now: 1879.
Total: 1.613600 ms (FindLiveObjects: 0.122600 ms CreateObjectMapping: 0.038500 ms MarkObjects: 1.353900 ms  DeleteObjects: 0.097400 ms)

========================================================================
Received Import Request.
  path: Assets/Scenes/Shaders.unity
  artifactKey: Guid(e20aa7aeeaff0d74a80c4e640828eb69) Importer(815301076,1909f56bfc062723c751e8b465ee728b)
Start importing Assets/Scenes/Shaders.unity using Guid(e20aa7aeeaff0d74a80c4e640828eb69) Importer(815301076,1909f56bfc062723c751e8b465ee728b)  -> (artifact id: '3aea1a291561b875cc9929a6cdb77dbb') in 0.015329 seconds
  Import took 0.020657 seconds .

========================================================================
Received Import Request.
  Time since last request: 605.466968 seconds.
  path: Assets/TextMesh Pro/Resources/TMP Settings.asset
  artifactKey: Guid(3f5b5dff67a942289a9defa416b206f3) Importer(815301076,1909f56bfc062723c751e8b465ee728b)
Start importing Assets/TextMesh Pro/Resources/TMP Settings.asset using Guid(3f5b5dff67a942289a9defa416b206f3) Importer(815301076,1909f56bfc062723c751e8b465ee728b)  -> (artifact id: '80217e6c75f9d2e4957cbc8093faaf48') in 0.117146 seconds
  Import took 0.120686 seconds .

========================================================================
Received Import Request.
  Time since last request: 35.422727 seconds.
  path: Assets/TextMesh Pro/Resources/Style Sheets/Default Style Sheet.asset
  artifactKey: Guid(f952c082cb03451daed3ee968ac6c63e) Importer(815301076,1909f56bfc062723c751e8b465ee728b)
Start importing Assets/TextMesh Pro/Resources/Style Sheets/Default Style Sheet.asset using Guid(f952c082cb03451daed3ee968ac6c63e) Importer(815301076,1909f56bfc062723c751e8b465ee728b)  -> (artifact id: '99846f5a5cef2b9fb3476a6a84d35918') in 0.020982 seconds
  Import took 0.024989 seconds .

========================================================================
Received Import Request.
  Time since last request: 0.474085 seconds.
  path: Assets/TextMesh Pro/Resources/Sprite Assets/EmojiOne.asset
  artifactKey: Guid(c41005c129ba4d66911b75229fd70b45) Importer(815301076,1909f56bfc062723c751e8b465ee728b)
Start importing Assets/TextMesh Pro/Resources/Sprite Assets/EmojiOne.asset using Guid(c41005c129ba4d66911b75229fd70b45) Importer(815301076,1909f56bfc062723c751e8b465ee728b)  -> (artifact id: '093a2cdfc4701742cd4e2e9653a3929b') in 0.011864 seconds
  Import took 0.014759 seconds .

========================================================================
Received Import Request.
  Time since last request: 1789.902826 seconds.
  path: Assets/Player.mat
  artifactKey: Guid(419eb866c81f1c34c97402740ad9cdc8) Importer(815301076,1909f56bfc062723c751e8b465ee728b)
Start importing Assets/Player.mat using Guid(419eb866c81f1c34c97402740ad9cdc8) Importer(815301076,1909f56bfc062723c751e8b465ee728b)  -> (artifact id: 'a5a3e9c89169fd34ba48c1e66eee40a5') in 0.119199 seconds
  Import took 0.124127 seconds .

========================================================================
Received Import Request.
  Time since last request: 9.136636 seconds.
  path: Assets/Player.mat
  artifactKey: Guid(419eb866c81f1c34c97402740ad9cdc8) Importer(815301076,1909f56bfc062723c751e8b465ee728b)
Start importing Assets/Player.mat using Guid(419eb866c81f1c34c97402740ad9cdc8) Importer(815301076,1909f56bfc062723c751e8b465ee728b)  -> (artifact id: '5f96a0f70ec97038ea8987a8bba78f16') in 0.011370 seconds
  Import took 0.015044 seconds .

========================================================================
Received Import Request.
  Time since last request: 54.793512 seconds.
  path: Assets/Phong.shader
  artifactKey: Guid(af769421f29cb244687c71c9c6043254) Importer(815301076,1909f56bfc062723c751e8b465ee728b)
Start importing Assets/Phong.shader using Guid(af769421f29cb244687c71c9c6043254) Importer(815301076,1909f56bfc062723c751e8b465ee728b)  -> (artifact id: '4249213ac2d188df31f1684621222a50') in 0.011428 seconds
  Import took 0.017560 seconds .

========================================================================
Received Import Request.
  Time since last request: 0.001287 seconds.
  path: Assets/Phong.shader
  artifactKey: Guid(af769421f29cb244687c71c9c6043254) Importer(815301076,1909f56bfc062723c751e8b465ee728b)
Start importing Assets/Phong.shader using Guid(af769421f29cb244687c71c9c6043254) Importer(815301076,1909f56bfc062723c751e8b465ee728b)  -> (artifact id: '4249213ac2d188df31f1684621222a50') in 0.003968 seconds
  Import took 0.007084 seconds .

========================================================================
Received Import Request.
  Time since last request: 2419.893289 seconds.
  path: Assets/Player.mat
  artifactKey: Guid(419eb866c81f1c34c97402740ad9cdc8) Importer(815301076,1909f56bfc062723c751e8b465ee728b)
Start importing Assets/Player.mat using Guid(419eb866c81f1c34c97402740ad9cdc8) Importer(815301076,1909f56bfc062723c751e8b465ee728b)  -> (artifact id: '7be44e0602e43ea3ecd6fe69a6759f58') in 0.018444 seconds
  Import took 0.022474 seconds .

========================================================================
Received Import Request.
  Time since last request: 707.660792 seconds.
  path: Assets/Player.mat
  artifactKey: Guid(419eb866c81f1c34c97402740ad9cdc8) Importer(815301076,1909f56bfc062723c751e8b465ee728b)
Start importing Assets/Player.mat using Guid(419eb866c81f1c34c97402740ad9cdc8) Importer(815301076,1909f56bfc062723c751e8b465ee728b)  -> (artifact id: '6987d9ca9ed2f7eb963b8fc28d129dbd') in 0.020991 seconds
  Import took 0.025318 seconds .

========================================================================
Received Import Request.
  Time since last request: 1942.942280 seconds.
  path: Assets/Phong.shader
  artifactKey: Guid(af769421f29cb244687c71c9c6043254) Importer(815301076,1909f56bfc062723c751e8b465ee728b)
Start importing Assets/Phong.shader using Guid(af769421f29cb244687c71c9c6043254) Importer(815301076,1909f56bfc062723c751e8b465ee728b)  -> (artifact id: '59dc834dec3c4a27823d86f7d354969d') in 0.017423 seconds
  Import took 0.022268 seconds .

========================================================================
Received Import Request.
  Time since last request: 427.285657 seconds.
  path: Assets/Player.mat
  artifactKey: Guid(419eb866c81f1c34c97402740ad9cdc8) Importer(815301076,1909f56bfc062723c751e8b465ee728b)
Start importing Assets/Player.mat using Guid(419eb866c81f1c34c97402740ad9cdc8) Importer(815301076,1909f56bfc062723c751e8b465ee728b)  -> (artifact id: '97c47b75976d6763915ac41fadc7f4a6') in 0.022384 seconds
  Import took 0.025619 seconds .

========================================================================
Received Import Request.
  Time since last request: 426.975168 seconds.
  path: Assets/Player.mat
  artifactKey: Guid(419eb866c81f1c34c97402740ad9cdc8) Importer(815301076,1909f56bfc062723c751e8b465ee728b)
Start importing Assets/Player.mat using Guid(419eb866c81f1c34c97402740ad9cdc8) Importer(815301076,1909f56bfc062723c751e8b465ee728b)  -> (artifact id: 'd6958201ba89495fed9b7a490dfe7299') in 0.013839 seconds
  Import took 0.017237 seconds .

========================================================================
Received Import Request.
  Time since last request: 105.104084 seconds.
  path: Assets/Phong.shader
  artifactKey: Guid(af769421f29cb244687c71c9c6043254) Importer(815301076,1909f56bfc062723c751e8b465ee728b)
Start importing Assets/Phong.shader using Guid(af769421f29cb244687c71c9c6043254) Importer(815301076,1909f56bfc062723c751e8b465ee728b)  -> (artifact id: 'edb539b3f000269e16ac033867110757') in 0.005693 seconds
  Import took 0.008898 seconds .

========================================================================
Received Import Request.
  Time since last request: 80146.945915 seconds.
  path: Assets/Scenes/Shaders.unity
  artifactKey: Guid(e20aa7aeeaff0d74a80c4e640828eb69) Importer(815301076,1909f56bfc062723c751e8b465ee728b)
Start importing Assets/Scenes/Shaders.unity using Guid(e20aa7aeeaff0d74a80c4e640828eb69) Importer(815301076,1909f56bfc062723c751e8b465ee728b)  -> (artifact id: '4f4b02da36b5f20c26f02f88f4602de2') in 0.009706 seconds
  Import took 0.016189 seconds .

========================================================================
Received Import Request.
  Time since last request: 5497.953202 seconds.
  path: Assets/Scripts/RegisterScript.cs
  artifactKey: Guid(8c707ba419c36b042a268e555526c44b) Importer(815301076,1909f56bfc062723c751e8b465ee728b)
Start importing Assets/Scripts/RegisterScript.cs using Guid(8c707ba419c36b042a268e555526c44b) Importer(815301076,1909f56bfc062723c751e8b465ee728b)  -> (artifact id: '5855a455a2a41d329f86a5eafff61b8d') in 0.018291 seconds
  Import took 0.037284 seconds .

========================================================================
Received Import Request.
  Time since last request: 77.256342 seconds.
  path: Assets/Scripts/Vec3.cs
  artifactKey: Guid(0be4364b7420d9c44a1972f9453a5e1e) Importer(815301076,1909f56bfc062723c751e8b465ee728b)
Start importing Assets/Scripts/Vec3.cs using Guid(0be4364b7420d9c44a1972f9453a5e1e) Importer(815301076,1909f56bfc062723c751e8b465ee728b)  -> (artifact id: 'a8e05d6b4fd002f95e7e2ef38b844bff') in 0.009554 seconds
  Import took 0.014596 seconds .

========================================================================
Received Import Request.
  Time since last request: 0.001099 seconds.
  path: Assets/Scripts/Vec3.cs
  artifactKey: Guid(0be4364b7420d9c44a1972f9453a5e1e) Importer(815301076,1909f56bfc062723c751e8b465ee728b)
Start importing Assets/Scripts/Vec3.cs using Guid(0be4364b7420d9c44a1972f9453a5e1e) Importer(815301076,1909f56bfc062723c751e8b465ee728b)  -> (artifact id: 'a8e05d6b4fd002f95e7e2ef38b844bff') in 0.003883 seconds
  Import took 0.007474 seconds .

========================================================================
Received Import Request.
  Time since last request: 125.427516 seconds.
  path: Assets/Scripts/Packets/ChatPacket.cs
  artifactKey: Guid(23e4a6f7251111e4c8100286a0e75283) Importer(815301076,1909f56bfc062723c751e8b465ee728b)
Start importing Assets/Scripts/Packets/ChatPacket.cs using Guid(23e4a6f7251111e4c8100286a0e75283) Importer(815301076,1909f56bfc062723c751e8b465ee728b)  -> (artifact id: 'd83fe7ae6409811e58cc837e0770299e') in 0.011379 seconds
  Import took 0.015157 seconds .

========================================================================
Received Import Request.
  Time since last request: 0.398737 seconds.
  path: Assets/Scripts/Packets/InstantiatePacket.cs
  artifactKey: Guid(e5dabf876a803434f8e75e2b58c365d5) Importer(815301076,1909f56bfc062723c751e8b465ee728b)
Start importing Assets/Scripts/Packets/InstantiatePacket.cs using Guid(e5dabf876a803434f8e75e2b58c365d5) Importer(815301076,1909f56bfc062723c751e8b465ee728b)  -> (artifact id: '07e6e215e91412d9e3c2d154e651a65d') in 0.009629 seconds
  Import took 0.012617 seconds .

========================================================================
Received Import Request.
  Time since last request: 0.000596 seconds.
  path: Assets/Scripts/Packets/InstantiatePacket.cs
  artifactKey: Guid(e5dabf876a803434f8e75e2b58c365d5) Importer(815301076,1909f56bfc062723c751e8b465ee728b)
Start importing Assets/Scripts/Packets/InstantiatePacket.cs using Guid(e5dabf876a803434f8e75e2b58c365d5) Importer(815301076,1909f56bfc062723c751e8b465ee728b)  -> (artifact id: '07e6e215e91412d9e3c2d154e651a65d') in 0.003261 seconds
  Import took 0.005783 seconds .

========================================================================
Received Import Request.
  Time since last request: 1826.665432 seconds.
  path: Assets/Scenes/Shaders.unity
  artifactKey: Guid(e20aa7aeeaff0d74a80c4e640828eb69) Importer(815301076,1909f56bfc062723c751e8b465ee728b)
Start importing Assets/Scenes/Shaders.unity using Guid(e20aa7aeeaff0d74a80c4e640828eb69) Importer(815301076,1909f56bfc062723c751e8b465ee728b)  -> (artifact id: 'f5da960080c38280fbc33192006037c9') in 0.027716 seconds
  Import took 0.032626 seconds .

AssetImportWorkerClient::OnTransportError - code=2 error=End of file
